Unity Player [version: Unity 5.0.2f1_0b02744d4013]

OculusPlugin.dll caused an Access Violation (0xc0000005)
  in module OculusPlugin.dll at 0023:619b31a6.

Error occurred at 2015-06-04_161820.
C:\Users\134041W\Documents\New Unity Project\New.exe, run by 134041W.
30% memory in use.
0 MB physical memory [0 MB free].
0 MB paging file [0 MB free].
0 MB user address space [3742 MB free].
Read from location 00000000 caused an access violation.

Context:
EDI:    0x0c1ad270  ESI: 0x00000000  EAX:   0x00000000
EBX:    0x0beb2c88  ECX: 0x08dc1770  EDX:   0x00469500
EIP:    0x619b31a6  EBP: 0x0033ec68  SegCs: 0x00000023
EFlags: 0x00010202  ESP: 0x0033ec04  SegSs: 0x0000002b

Bytes at CS:EIP:
8b 00 89 41 08 c7 41 0c 08 00 00 00 c7 41 10 30 

Stack:
0x0033ec04: ef908055 005559a4 00000002 0c1ad270 U....YU.....p...
0x0033ec14: 08dba220 00000000 00000001 00000001  ...............
0x0033ec24: 00000000 00000001 0000001c 00000000 ................
0x0033ec34: 00000000 00000001 00000000 00000020 ............ ...
0x0033ec44: 00000001 00000000 00000001 00000000 ................
0x0033ec54: 00000002 ef908055 0033ec84 619da268 ....U.....3.h..a
0x0033ec64: 00000000 0033ec90 619b42a7 005559a4 ......3..B.a.YU.
0x0033ec74: ef9080ad 00000002 005559a4 0c1ad270 .........YU.p...
0x0033ec84: 0033f804 619da37b 00000000 0033eca0 ..3.{..a......3.
0x0033ec94: 619b43a2 0fffffff 0033ece4 0033ecd0 .C.a......3...3.
0x0033eca4: 00ac87c6 005559a4 00000002 00000000 .....YU.........
0x0033ecb4: 75401222 619b0000 619b0000 619b4350 ".@u...a...aPC.a
0x0033ecc4: 619b4450 00000000 03883f50 0033ecf0 PD.a....P?....3.
0x0033ecd4: 00ac8808 619b0000 0033ece4 038affa8 .......a..3.....
0x0033ece4: 619b4350 619b4450 00000000 0033ed80 PC.aPD.a......3.
0x0033ecf4: 00ac8c96 10161871 0beb2c89 0beb2c88 ....q....,...,..
0x0033ed04: 6c756300 6c507375 6e696775 10002300 .culusPlugin.#..
0x0033ed14: 00000000 0000000f 00000033 00000000 ........3.......
0x0033ed24: 00000000 0033ed44 754011e0 00000000 ....D.3...@u....
0x0033ed34: 0000000f 00000000 038aff00 0beb2c88 .............,..
0x0033ed44: 00000000 0033ed60 00000000 0000000f ....`.3.........
0x0033ed54: 10039728 6c75634f 6c507375 6e696775 (...OculusPlugin
0x0033ed64: 10039700 0000000c 0000000f 00000040 ............@...
0x0033ed74: 038aff80 03887e01 03887ee0 0033eddc .....~...~....3.
0x0033ed84: 10039a42 0beb2c88 101e90e0 0be44df0 B....,.......M..
0x0033ed94: 0bf0d4d8 10001e20 0bf0d4d8 101e90e0 .... ...........
0x0033eda4: 0033edfc 0033ee04 0bf0d4d8 0bf0d4f0 ..3...3.........
0x0033edb4: 0beb3616 0033edc0 00000000 00000000 .6....3.........
0x0033edc4: 0beb2c88 00000200 00000207 00002fb6 .,.........../..
0x0033edd4: 00000001 144acdfe 0033ee18 10048500 ......J...3.....
0x0033ede4: 0bf0d4d8 0033edfc 0033ee04 0be1e818 ......3...3.....
0x0033edf4: 0bf0d4d8 0bf27000 00000000 10016ae6 .....p.......j..
0x0033ee04: 00000000 00000001 0bf0d4d8 0bef8ac0 ................
0x0033ee14: 0be1e818 0033f160 100cfa16 0be44df0 ....`.3......M..
0x0033ee24: 00000001 00000000 00000000 0be1e818 ................
0x0033ee34: 0bf0d298 000000f1 046b0048 046b0358 ........H.k.X.k.
0x0033ee44: 046b0358 00000038 00000038 00000000 X.k.8...8.......
0x0033ee54: 04767bb0 046b0048 046b0174 0478c2e0 .{v.H.k.t.k...x.
0x0033ee64: 046b0648 046b0648 0033ee00 0033ee04 H.k.H.k...3...3.
0x0033ee74: 0033f804 77401985 01e30169 fffffffe ..3...@wi.......
0x0033ee84: 773be38c 773be0f2 0be56be0 00000000 ..;w..;w.k......
0x0033ee94: 00000038 00000038 00000000 00000501 8...8...........
0x0033eea4: 0bf68770 04850000 0bf6c7c0 00000001 p...............
0x0033eeb4: 00000000 04850000 0478c2e0 0478c1e0 ..........x...x.
0x0033eec4: 0478c260 00000000 0be57f80 0bf0d298 `.x.............
0x0033eed4: 000000f2 000000f1 047a0470 00000000 ........p.z.....
0x0033eee4: 00000000 00000000 773be023 00000000 ........#.;w....
0x0033eef4: 0be57f78 047a0330 00000000 0033ef14 x...0.z.......3.
0x0033ef04: 754014ad 04850000 0bf0d4d8 0be570c8 ..@u.........p..
0x0033ef14: 00000000 00000000 00000000 0be58020 ............ ...
0x0033ef24: 00000001 0033f004 0033efb8 10018315 ......3...3.....
0x0033ef34: 0be1d9b8 000000f7 144acf62 0033efb8 ........b.J...3.
0x0033ef44: 100185da 0485ac48 0beb0757 0beb09ea ....H...W.......
0x0033ef54: 0100001c 0be1d9b8 0be58338 0bf63fd8 ........8....?..
0x0033ef64: 04850000 0bf1df70 0100001c 0bf68798 ....p...........
0x0033ef74: 00000000 00000000 00000034 0033f06c ........4...l.3.
0x0033ef84: 000001c1 04850000 0bf1cfc8 0033f06c ............l.3.
0x0033ef94: 773c3417 773c3446 76eb237d 00000000 .4<wF4<w}#.v....
0x0033efa4: 00000005 04850000 04853558 000000f7 ........X5......
0x0033efb4: 0beb0757 04853558 0100001c 048535a8 W...X5.......5..
0x0033efc4: 0000001c 00000034 0033f100 04853558 ....4.....3.X5..
0x0033efd4: 00000175 0bf6c8e0 0033efe8 000001f5 u.........3.....
0x0033efe4: 0be1d9b8 0be1d9b8 00000000 00000000 ................
0x0033eff4: 00000000 00000000 00000000 00000000 ................
0x0033f004: 00000000 0be58718 00000000 00000000 ................
0x0033f014: 00000000 000007ff 00000000 000001ac ................
0x0033f024: 00000000 0bea454c 0be47990 06000103 ....LE...y......
0x0033f034: 00000008 0bf1ed70 0bf0c1c0 00000000 ....p...........
0x0033f044: 0bea431b 0bf0d298 0bea4350 0be58718 .C......PC......
0x0033f054: 00000000 0bf0d4d8 0be1e818 0bea4316 .............C..
0x0033f064: 0bf1ed70 00000000 773c3446 773c3074 p.......F4<wt0<w
0x0033f074: 00000e00 00000e08 0bf1cfca 0bf1cfc8 ................
0x0033f084: 00000000 0be1e818 00000e00 0be1e818 ................
0x0033f094: 00000100 046b0048 046b019c 047ad650 ....H.k...k.P.z.
0x0033f0a4: 046b0a58 0033f108 0033f040 0033f108 X.k...3.@.3...3.
0x0033f0b4: 0033f804 047ad650 773c4321 047ad650 ..3.P.z.!C<wP.z.
0x0033f0c4: 00000000 00000088 fffff7ff 00000088 ................
0x0033f0d4: 0bf0d298 10037979 144ad0c2 00000003 ....yy....J.....
0x0033f0e4: 00000000 00000e08 00000008 0be57110 .............q..
0x0033f0f4: 10049ff8 0be57110 0033f114 100b86cf .....q....3.....
0x0033f104: 0033f114 100e8ba1 101a02b0 101a02b0 ..3.............
0x0033f114: 0033f13c 100f8937 00000000 00000010 <.3.7...........
0x0033f124: 0bf09908 0bf0d298 00000001 00000000 ................
0x0033f134: 00000000 00000004 0033f150 100f8c6a ........P.3.j...
0x0033f144: 00000000 0bf09908 0be1e818 0033f16c ............l.3.
0x0033f154: 100f9637 00000000 144ad142 0033f1b8 7.......B.J...3.
0x0033f164: 100ef065 0be1e818 0bf0d298 00000000 e...............
0x0033f174: 00000000 00000000 00000000 00000000 ................
0x0033f184: 00000000 00000000 00002000 00000000 ......... ......
0x0033f194: 00000000 04712c40 0033f1b4 00000000 ....@,q...3.....
0x0033f1a4: 00000010 0bf0d298 0bf63fd0 0bf0d298 .........?......
0x0033f1b4: 00000000 0033f200 100efeb2 0bf0d298 ......3.........
0x0033f1c4: 03d169ff 00664e70 0be47990 00000000 .i..pNf..y......
0x0033f1d4: 00000000 101e90e0 0bf0d298 101b8684 ................
0x0033f1e4: 00000000 00664f08 101b8684 00000000 .....Of.........
0x0033f1f4: 0033f20c 100384d7 00000000 0033f234 ..3.........4.3.
0x0033f204: 100f040d 0bf0d298 00664e70 03d169ff ........pNf..i..
0x0033f214: 0033f258 0bf0d298 0befc5a0 0485aa50 X.3.........P...
0x0033f224: 00000000 00000000 00664e70 00664e70 ........pNf.pNf.
0x0033f234: 0033f25c 100f05d6 03d169ff 0033f258 \.3......i..X.3.
0x0033f244: 00010000 00000003 0bf0d298 0be2a428 ............(...
0x0033f254: 00664e70 00000000 0033f280 1005d894 pNf.......3.....
0x0033f264: 0bf0d298 00674b10 0033f378 0033f2f8 .....Kg.x.3...3.
0x0033f274: 0033f2f8 0033f308 00000003 0033f298 ..3...3.......3.
0x0033f284: 00a54b2e 0bf0d298 00674b10 0033f378 .K.......Kg.x.3.
0x0033f294: 0033f2f8 0033f2d8 00b00289 0bf0d298 ..3...3.........
0x0033f2a4: 0ca2f501 00674b10 0033f328 0033f2f8 .....Kg.(.3...3.
0x0033f2b4: 00674b10 0033f308 0bf09908 0033f2d8 .Kg...3.......3.
0x0033f2c4: 0bf0d298 0033f308 00000003 00674b10 ......3......Kg.
0x0033f2d4: 0bf09908 0033f2e8 00b002fe 0033f2f8 ......3.......3.
0x0033f2e4: 00000000 0033f2fc 00b0035c 0033f2f8 ......3.\.....3.
0x0033f2f4: 00674b10 00000000 0033f3d0 00a43f92 .Kg.......3..?..
0x0033f304: 080c3330 014ee05c 0bf0d298 0ca2f501 03..\.N.........
0x0033f314: 00674b10 000027dc 00000000 00000101 .Kg..'..........
0x0033f324: 00000000 00000000 00000000 00000000 ................
0x0033f334: 00000000 00000000 00000000 00000000 ................
0x0033f344: 00000000 00000000 00000000 00000000 ................
0x0033f354: 00000000 00000000 00000000 00000000 ................
0x0033f364: 00000000 00000000 00000000 00000000 ................
0x0033f374: 00000000 00000000 00000000 00000000 ................
0x0033f384: 00000000 00000000 00000000 00000000 ................
0x0033f394: 00000000 00000000 00000000 00000000 ................
0x0033f3a4: 00000000 00000000 00000000 00000000 ................
0x0033f3b4: 00000000 00000000 00000000 00000000 ................
0x0033f3c4: 00000000 00000000 00a24f37 0033f3ec ........7O....3.
0x0033f3d4: 00a44189 0bf0d298 0ca2f501 080c3330 .A..........03..
0x0033f3e4: ffffff9c 0ca2f501 0033f404 00a464b8 ..........3..d..
0x0033f3f4: 00674b10 080c3330 00a24567 080c3330 .Kg.03..gE..03..
0x0033f404: 0033f428 00a4469c 00000003 00000003 (.3..F..........
0x0033f414: 0000000c 0d442304 0000023e ffffffff .....#D.>.......
0x0033f424: 0033f458 0033f458 00b16a9b 00000003 X.3.X.3..j......
0x0033f434: 0000000c 0d442300 0d442390 0387bf50 .....#D..#D.P...
0x0033f444: 0f8cc770 0f8cd580 0387bf50 0f8cd580 p.......P.......
0x0033f454: 0f8cd580 0033f490 00b16c6d 0d442300 ......3.ml...#D.
0x0033f464: 000027dc 00000003 0d442300 0d442390 .'.......#D..#D.
0x0033f474: 0000000c 00b15da0 01708450 00000016 .....]..P.p.....
0x0033f484: 03eb21b4 00000001 03eb2234 0033f4a4 .!......4"....3.
0x0033f494: 00ad8ed8 014eaad9 03eb21b4 00000000 ......N..!......
0x0033f4a4: 0033f4e0 00ad910f 0033f4c4 03eb21b4 ..3.......3..!..
0x0033f4b4: 00000002 038976d0 03eb20e0 00000001 .....v... ......
0x0033f4c4: 6e69616d 61746144 00000000 0033f510 mainData......3.
0x0033f4d4: 00000008 0000000f 038976d0 0033f510 .........v....3.
0x0033f4e4: 00ac9b8e 03eb21b4 03eb20e0 00ac940d .....!... ......
0x0033f4f4: 00000010 038976d0 00000001 ec47e8e1 .....v........G.
0x0033f504: 00000014 038976d0 0133f52c 0033f52c .....v..,.3.,.3.
0x0033f514: 00ac9495 00000000 00000010 03eb20e0 ............. ..
0x0033f524: 00000000 00000001 0033f608 00ac6b53 ..........3.Sk..
0x0033f534: 769d5f74 00000000 00000000 00000000 t_.v............
0x0033f544: 00000059 00000000 00000000 00000000 Y...............
0x0033f554: 00000059 00000000 00000000 00000000 Y...............
0x0033f564: 00000059 00000000 00000000 00000000 Y...............
0x0033f574: 00000059 00000000 00000000 00000000 Y...............
0x0033f584: 00000059 00000000 00000000 00000000 Y...............
0x0033f594: 00000059 00000000 00000000 00000000 Y...............
0x0033f5a4: 00000059 00000000 00000000 00000000 Y...............
0x0033f5b4: 00000059 00000000 00000000 00000000 Y...............
0x0033f5c4: 00000059 00000000 00000000 6e696100 Y............ain
0x0033f5d4: 61746144 773c4900 727126e0 00000000 Data.I<w.&qr....
0x0033f5e4: 0000000f 0033f604 038b6500 0033f5fc ......3..e....3.
0x0033f5f4: 769d5f74 00000000 00000000 0000000f t_.v............
0x0033f604: 0033f638 0033f638 00b5dbe9 00000010 8.3.8.3.........
0x0033f614: 00000000 000b070a 00000200 00000000 ................
0x0033f624: 037f02ac 0192157b 000002ac 0000037f ....{...........
0x0033f634: 00000494 0033f76c 00b5f830 00000000 ....l.3.0.......
0x0033f644: 00000000 fffde000 0387b990 000001ff ................
0x0033f654: 00000000 1c03c163 0000003e 0000003f ....c...>...?...
0x0033f664: 00000006 03887bc0 019727a0 0162f318 .....{...'....b.
0x0033f674: 7fffffff 00000043 0000004f 019727a0 ....C...O....'..
0x0033f684: 0162f318 0000000f 0000000f 7fffffff ..b.............
0x0033f694: 00000000 016d9988 01971d00 0000000f ......m.........
0x0033f6a4: 0033f600 0033f6d8 00ee8fd9 019727a0 ..3...3......'..
0x0033f6b4: 0162f318 0000000f 03887d00 7fffffff ..b......}......
0x0033f6c4: 00000000 016d9988 00000044 0000004f ......m.D...O...
0x0033f6d4: 0033f600 0387bad0 00ed844c 019727a0 ..3.....L....'..
0x0033f6e4: 0162f318 00000035 0000003f 756e6547 ..b.5...?...Genu
0x0033f6f4: 616e614d 00646567 00000000 00000004 Managed.........
0x0033f704: 00000007 0000000f 0033f718 03497630 ..........3.0vI.
0x0033f714: 0387b9d0 0387ba08 0387ba08 0033f750 ............P.3.
0x0033f724: 72637300 696e6565 6c640064 00ed006c .screenid.dll...
0x0033f734: 00000000 0000000f 0033f75c 00000000 ........\.3.....
0x0033f744: 0033f75c 00ec8a47 00464625 00000000 \.3.G...%FF.....
0x0033f754: 0000000f 00000000 00000000 03497630 ............0vI.
0x0033f764: 00000000 03497670 0033f784 00e96ed8 ....pvI...3..n..
0x0033f774: 00900000 00000000 00464627 00000001 ........'FF.....
0x0033f784: 0033f814 00ecdf0f 00900000 00000000 ..3.............
0x0033f794: 00464627 00000001 1445b243 00000000 'FF.....C.E.....
0x0033f7a4: 00000000 fffde000 00000044 00462a62 ........D...b*F.
0x0033f7b4: 00462a42 004629d8 00000000 00000000 B*F..)F.........
0x0033f7c4: 00000000 00000000 00000000 00000000 ................
0x0033f7d4: 00000000 00000001 00000001 00000000 ................
0x0033f7e4: 00000000 0033f810 00edf164 c0000005 ......3.d.......
0x0033f7f4: 00000000 00000000 0033f79c 0033e64c ..........3.L.3.
0x0033f804: 0033f850 00ecfb30 1511a577 00000000 P.3.0...w.......
0x0033f814: 0033f820 7540336a fffde000 0033f860  .3.j3@u....`.3.
0x0033f824: 773c92b2 fffde000 76eb2b71 00000000 ..<w....q+.v....
0x0033f834: 00000000 fffde000 c0000005 754276c7 .............vBu
0x0033f844: 754276c7 0033f82c 0033e650 ffffffff .vBu,.3.P.3.....
0x0033f854: 77401985 01e31641 00000000 0033f878 ..@wA.......x.3.
0x0033f864: 773c9285 00ecdf62 fffde000 00000000 ..<wb...........
0x0033f874: 00000000 00000000 00000000 00ecdf62 ............b...
0x0033f884: fffde000 00000000 00000000 00000000 ................
0x0033f894: 00000000 00000000 00000000 00000000 ................
0x0033f8a4: 00000000 00000000 00000000 00000000 ................
0x0033f8b4: 00000000 00000000 00000000 00000000 ................
0x0033f8c4: 00000000 00000000 00000000 00000000 ................
0x0033f8d4: 00000000 00000000 00000000 00000000 ................
0x0033f8e4: 00000000 00000000 00000000 00000000 ................
0x0033f8f4: 00000000 00000000 00000000 00000000 ................
0x0033f904: 00000000 00000000 00000000 00000000 ................
0x0033f914: 00000000 00000000 00000000 00000000 ................
0x0033f924: 00000000 00000000 00000000 00000000 ................
0x0033f934: 00000000 00000000 00000000 00000000 ................
0x0033f944: 00000000 00000000 00000000 00000000 ................
0x0033f954: 00000000 00000000 00000000 00000000 ................
0x0033f964: 00000000 00000000 00000000 00000000 ................
0x0033f974: 00000000 00000000 00000000 00000000 ................
0x0033f984: 00000000 00000000 00000000 00000000 ................
0x0033f994: 00000000 00000000 00000000 00000000 ................
0x0033f9a4: 00000000 00000000 00000000 00000000 ................
0x0033f9b4: 00000000 00000000 00000000 00000000 ................
0x0033f9c4: 00000000 00000000 00000000 00000000 ................
0x0033f9d4: 00000000 00000000 00000000 00000000 ................
0x0033f9e4: 00000000 00000000 00000000 00000000 ................
0x0033f9f4: 00000000 00000000 00000000 00000000 ................
0x0033fa04: 00000000 00000000 00000000 00000000 ................
0x0033fa14: 00000000 00000000 00000000 00000000 ................
0x0033fa24: 00000000 00000000 00000000 00000000 ................
0x0033fa34: 00000000 00000000 00000000 00000000 ................
0x0033fa44: 00000000 00000000 00000000 00000000 ................
0x0033fa54: 00000000 00000000 00000000 00000000 ................
0x0033fa64: 00000000 00000000 00000000 00000000 ................
0x0033fa74: 00000000 00000000 00000000 00000000 ................
0x0033fa84: 00000000 00000000 00000000 00000000 ................
0x0033fa94: 00000000 00000000 00000000 00000000 ................
0x0033faa4: 00000000 00000000 00000000 00000000 ................
0x0033fab4: 00000000 00000000 00000000 00000000 ................
0x0033fac4: 00000000 00000000 00000000 00000000 ................
0x0033fad4: 00000000 00000000 00000000 00000000 ................
0x0033fae4: 00000000 00000000 00000000 00000000 ................
0x0033faf4: 00000000 00000000 00000000 00000000 ................
0x0033fb04: 00000000 00000000 00000000 00000000 ................
0x0033fb14: 00000000 00000000 00000000 00000000 ................
0x0033fb24: 00000000 00000000 00000000 00000000 ................
0x0033fb34: 00000000 00000000 00000000 00000000 ................
0x0033fb44: 00000000 00000000 00000000 00000000 ................
0x0033fb54: 00000000 00000000 00000000 00000000 ................
0x0033fb64: 00000000 00000000 00000000 00000000 ................
0x0033fb74: 00000000 00000000 00000000 00000000 ................
0x0033fb84: 00000000 00000000 00000000 00000000 ................
0x0033fb94: 00000000 00000000 00000000 00000000 ................
0x0033fba4: 00000000 00000000 00000000 00000000 ................
0x0033fbb4: 00000000 00000000 00000000 00000000 ................
0x0033fbc4: 00000000 00000000 00000000 00000000 ................
0x0033fbd4: 00000000 00000000 00000000 00000000 ................
0x0033fbe4: 00000000 00000000 00000000 00000000 ................
0x0033fbf4: 00000000 00000000 00000000 00000000 ................
0x0033fc04: 00000000 00000000 00000000 00000000 ................
0x0033fc14: 00000000 00000000 00000000 00000000 ................
0x0033fc24: 00000000 00000000 00000000 00000000 ................
0x0033fc34: 00000000 00000000 00000000 00000000 ................
0x0033fc44: 00000000 00000000 00000000 00000000 ................
0x0033fc54: 00000000 00000000 00000000 00000000 ................
0x0033fc64: 00000000 00000000 00000000 00000000 ................
0x0033fc74: 00000000 00000000 00000000 00000000 ................
0x0033fc84: 00000000 00000000 00000000 00000000 ................
0x0033fc94: 00000000 00000000 00000000 00000000 ................
0x0033fca4: 00000000 00000000 00000000 00000000 ................
0x0033fcb4: 00000000 00000000 00000000 00000000 ................
0x0033fcc4: 00000000 00000000 00000000 00000000 ................
0x0033fcd4: 00000000 00000000 00000000 00000000 ................
0x0033fce4: 00000000 00000000 00000000 00000000 ................
0x0033fcf4: 00000000 00000000 00000000 00000000 ................
0x0033fd04: 00000000 00000000 00000000 00000000 ................
0x0033fd14: 00000000 00000000 00000000 00000000 ................
0x0033fd24: 00000000 00000000 00000000 00000000 ................
0x0033fd34: 00000000 00000000 00000000 00000000 ................
0x0033fd44: 00000000 00000000 00000000 00000000 ................
0x0033fd54: 00000000 00000000 00000000 00000000 ................
0x0033fd64: 00000000 00000000 00000000 00000000 ................
0x0033fd74: 00000000 00000000 00000000 00000000 ................
0x0033fd84: 00000000 00000000 00000000 00000000 ................
0x0033fd94: 00000000 00000000 00000000 00000000 ................
0x0033fda4: 00000000 00000000 00000000 00000000 ................
0x0033fdb4: 00000000 00000000 00000000 00000000 ................
0x0033fdc4: 00000000 00000000 00000000 00000000 ................
0x0033fdd4: 00000000 00000000 00000000 00000000 ................
0x0033fde4: 00000000 00000000 00000000 00000000 ................
0x0033fdf4: 00000000 00000000 00000000 00000000 ................
0x0033fe04: 00000000 00000000 00000000 00000000 ................
0x0033fe14: 00000000 00000000 00000000 00000000 ................
0x0033fe24: 00000000 00000000 00000000 00000000 ................
0x0033fe34: 00000000 00000000 00000000 00000000 ................
0x0033fe44: 00000000 00000000 00000000 00000000 ................
0x0033fe54: 00000000 00000000 00000000 00000000 ................
0x0033fe64: 00000000 00000000 00000000 00000000 ................
0x0033fe74: 00000000 00000000 00000000 00000000 ................
0x0033fe84: 00000000 00000000 00000000 00000000 ................
0x0033fe94: 00000000 00000000 00000000 00000000 ................
0x0033fea4: 00000000 00000000 00000000 00000000 ................
0x0033feb4: 00000000 00000000 00000000 00000000 ................
0x0033fec4: 00000000 00000000 00000000 00000000 ................
0x0033fed4: 00000000 00000000 00000000 00000000 ................
0x0033fee4: 00000000 00000000 00000000 00000000 ................
0x0033fef4: 00000000 00000000 00000000 00000000 ................
0x0033ff04: 00000000 00000000 00000000 00000000 ................
0x0033ff14: 00000000 00000000 00000000 00000000 ................
0x0033ff24: 00000000 00000000 00000000 00000000 ................
0x0033ff34: 00000000 00000000 00000000 00000000 ................
0x0033ff44: 00000000 00000000 00000000 00000000 ................
0x0033ff54: 00000000 00000000 00000000 00000000 ................
0x0033ff64: 00000000 00000000 00000000 00000000 ................
0x0033ff74: 00000000 00000000 00000000 00000000 ................
0x0033ff84: 00000000 00000000 00000000 00000000 ................
0x0033ff94: 00000000 00000000 00000000 00000000 ................
0x0033ffa4: 00000000 00000000 00000000 00000000 ................
0x0033ffb4: 00000000 00000000 00000000 00000000 ................
0x0033ffc4: 00000000 00000000 00000000 00000000 ................
0x0033ffd4: 00000000 00000000 00000000 00000000 ................
0x0033ffe4: 00000000 00000000 00000000 00000000 ................
0x0033fff4: 00000000 00000000 00000000          ............

Module 1
C:\Users\134041W\Documents\New Unity Project\New.exe
Image Base: 0x00900000  Image Size: 0x00fcf000
File Size:  15803168    File Time:  2015-05-12_053410
Version:
   Company:    
   Product:    
   FileDesc:   
   FileVer:    5.0.2.628
   ProdVer:    5.0.2.628

Module 2
C:\Program Files (x86)\Common Files\NSL\nslsp.dll
Image Base: 0x10000000  Image Size: 0x0001e000
File Size:  103752      File Time:  2015-01-26_111010
Version:
   Company:    Netsupport Ltd
   Product:    netsupport nslsp
   FileDesc:   nslsp
   FileVer:    1.0.0.32
   ProdVer:    1.0.0.32

Module 3
C:\Windows\system32\xinput1_3.dll
Image Base: 0x00400000  Image Size: 0x00016000
File Size:  81768       File Time:  2007-04-04_185342
Version:
   Company:    Microsoft Corporation
   Product:    Microsoft® DirectX for Windows®
   FileDesc:   Microsoft Common Controller API
   FileVer:    9.18.944.0
   ProdVer:    9.18.944.0

Module 4
C:\Users\134041W\Documents\New Unity Project\New_Data\Mono\mono.dll
Image Base: 0x10000000  Image Size: 0x00230000
File Size:  2109728     File Time:  2015-05-12_053412
Version:
   Company:    
   Product:    
   FileDesc:   
   FileVer:    0.0.0.0
   ProdVer:    0.0.0.0

Module 5
C:\Program Files (x86)\NetSupport\NetSupport School\pciappctrl.dll
Image Base: 0x11320000  Image Size: 0x00037000
File Size:  201032      File Time:  2015-01-26_111014
Version:
   Company:    NetSupport Ltd
   Product:    NetSupport School
   FileDesc:   NetSupport Application Control DLL
   FileVer:    12.1.9.1044
   ProdVer:    12.1.0.0

Module 6
C:\Program Files (x86)\Common Files\NSL\NSCommonHook.dll
Image Base: 0x11500000  Image Size: 0x0001f000
File Size:  116040      File Time:  2015-01-26_111008
Version:
   Company:    NetSupport Ltd
   Product:    NetSupport Common Hook
   FileDesc:   NetSupport Common Hook
   FileVer:    1.0.0.338
   ProdVer:    1.0.0.338

Module 7
C:\Windows\system32\nvd3dum.dll
Image Base: 0x57bc0000  Image Size: 0x00d72000
File Size:  14121624    File Time:  2015-03-14_034148
Version:
   Company:    NVIDIA Corporation
   Product:    NVIDIA Windows WDDM D3D driver
   FileDesc:   NVIDIA WDDM D3D Driver, Version 347.88 
   FileVer:    9.18.13.4788
   ProdVer:    9.18.13.4788

Module 8
C:\Windows\system32\AVRT.dll
Image Base: 0x5a650000  Image Size: 0x00007000
File Size:  14336       File Time:  2009-07-14_091500
Version:
   Company:    Microsoft Corporation
   Product:    Microsoft® Windows® Operating System
   FileDesc:   Multimedia Realtime Runtime
   FileVer:    6.1.7600.16385
   ProdVer:    6.1.7600.16385

Module 9
C:\Program Files (x86)\NetSupport\NetSupport DNA\Client\Components\dnaapphook.dll
Image Base: 0x60870000  Image Size: 0x00017000
File Size:  94302       File Time:  2012-10-23_171538
Version:
   Company:    
   Product:    
   FileDesc:   
   FileVer:    0.0.0.0
   ProdVer:    0.0.0.0

Module 10
C:\Users\134041W\Documents\New Unity Project\New_Data\Plugins\OculusPlugin.dll
Image Base: 0x619b0000  Image Size: 0x00043000
File Size:  246784      File Time:  2015-05-14_072826
Version:
   Company:    
   Product:    
   FileDesc:   
   FileVer:    0.0.0.0
   ProdVer:    0.0.0.0

Module 11
C:\Windows\system32\wdmaud.drv
Image Base: 0x61bf0000  Image Size: 0x00030000
File Size:  172032      File Time:  2010-11-21_112402
Version:
   Company:    Microsoft Corporation
   Product:    Microsoft® Windows® Operating System
   FileDesc:   Winmm  audio system driver
   FileVer:    6.1.7601.17514
   ProdVer:    6.1.7601.17514

Module 12
C:\Windows\system32\nvwgf2um.dll
Image Base: 0x62220000  Image Size: 0x00f40000
File Size:  16022016    File Time:  2015-03-14_034148
Version:
   Company:    NVIDIA Corporation
   Product:    NVIDIA D3D10 drivers
   FileDesc:   NVIDIA D3D10 Driver, Version 347.88 
   FileVer:    9.18.13.4788
   ProdVer:    9.18.13.4788

Module 13
C:\Windows\system32\DXGIDebug.dll
Image Base: 0x632a0000  Image Size: 0x0001c000
File Size:  112744      File Time:  2013-08-21_220322
Version:
   Company:    Microsoft Corporation
   Product:    Microsoft® DirectX for Windows®
   FileDesc:   DXGI Debug Binary
   FileVer:    9.30.9600.16384
   ProdVer:    9.30.9600.16384

Module 14
C:\Users\134041W\Documents\New Unity Project\New_Data\Plugins\OculusInitPlugin.dll
Image Base: 0x63430000  Image Size: 0x00025000
File Size:  128000      File Time:  2015-05-14_072830
Version:
   Company:    
   Product:    
   FileDesc:   
   FileVer:    0.0.0.0
   ProdVer:    0.0.0.0

Module 15
C:\Windows\system32\d3d9.DLL
Image Base: 0x63750000  Image Size: 0x001c3000
File Size:  1828352     File Time:  2010-11-21_112424
Version:
   Company:    Microsoft Corporation
   Product:    Microsoft® Windows® Operating System
   FileDesc:   Direct3D 9 Runtime
   FileVer:    6.1.7601.17514
   ProdVer:    6.1.7601.17514

Module 16
C:\Windows\system32\d3d8thk.dll
Image Base: 0x639d0000  Image Size: 0x00006000
File Size:  11264       File Time:  2009-07-14_091510
Version:
   Company:    Microsoft Corporation
   Product:    Microsoft® Windows® Operating System
   FileDesc:   Microsoft Direct3D OS Thunk Layer
   FileVer:    6.1.7600.16385
   ProdVer:    6.1.7600.16385

Module 17
C:\Windows\system32\MSACM32.dll
Image Base: 0x63e60000  Image Size: 0x00014000
File Size:  72192       File Time:  2009-07-14_091544
Version:
   Company:    Microsoft Corporation
   Product:    Microsoft® Windows® Operating System
   FileDesc:   Microsoft ACM Audio Filter
   FileVer:    6.1.7600.16385
   ProdVer:    6.1.7600.16385

Module 18
C:\Windows\system32\midimap.dll
Image Base: 0x63e80000  Image Size: 0x00007000
File Size:  16896       File Time:  2009-07-14_091542
Version:
   Company:    Microsoft Corporation
   Product:    Microsoft® Windows® Operating System
   FileDesc:   Microsoft MIDI Mapper
   FileVer:    6.1.7600.16385
   ProdVer:    6.1.7600.16385

Module 19
C:\Windows\system32\msacm32.drv
Image Base: 0x63e90000  Image Size: 0x00008000
File Size:  20992       File Time:  2009-07-14_091410
Version:
   Company:    Microsoft Corporation
   Product:    Microsoft® Windows® Operating System
   FileDesc:   Microsoft Sound Mapper
   FileVer:    6.1.7600.16385
   ProdVer:    6.1.7600.16385

Module 20
C:\Windows\system32\ksuser.dll
Image Base: 0x63eb0000  Image Size: 0x00004000
File Size:  4608        File Time:  2009-07-14_091536
Version:
   Company:    Microsoft Corporation
   Product:    Microsoft® Windows® Operating System
   FileDesc:   User CSA Library
   FileVer:    6.1.7600.16385
   ProdVer:    6.1.7600.16385

Module 21
C:\Windows\system32\DCIMAN32.dll
Image Base: 0x6ad10000  Image Size: 0x00006000
File Size:  10240       File Time:  2015-02-20_121348
Version:
   Company:    Microsoft Corporation
   Product:    Microsoft® Windows® Operating System
   FileDesc:   DCI Manager
   FileVer:    6.1.7601.18768
   ProdVer:    6.1.7601.18768

Module 22
C:\Windows\system32\DDRAW.dll
Image Base: 0x6ad20000  Image Size: 0x000e7000
File Size:  531968      File Time:  2009-07-14_091512
Version:
   Company:    Microsoft Corporation
   Product:    Microsoft® Windows® Operating System
   FileDesc:   Microsoft DirectDraw
   FileVer:    6.1.7600.16385
   ProdVer:    6.1.7600.16385

Module 23
C:\Windows\system32\GLU32.dll
Image Base: 0x6ae20000  Image Size: 0x00022000
File Size:  130048      File Time:  2009-07-14_091524
Version:
   Company:    Microsoft Corporation
   Product:    Microsoft® Windows® Operating System
   FileDesc:   OpenGL Utility Library DLL
   FileVer:    6.1.7600.16385
   ProdVer:    6.1.7600.16385

Module 24
C:\Windows\system32\OPENGL32.dll
Image Base: 0x6ae50000  Image Size: 0x000c8000
File Size:  791552      File Time:  2009-07-14_091614
Version:
   Company:    Microsoft Corporation
   Product:    Microsoft® Windows® Operating System
   FileDesc:   OpenGL Client DLL
   FileVer:    6.1.7600.16385
   ProdVer:    6.1.7600.16385

Module 25
C:\Windows\system32\HID.DLL
Image Base: 0x6b2e0000  Image Size: 0x00009000
File Size:  22016       File Time:  2009-07-14_091526
Version:
   Company:    Microsoft Corporation
   Product:    Microsoft® Windows® Operating System
   FileDesc:   Hid User Library
   FileVer:    6.1.7600.16385
   ProdVer:    6.1.7600.16385

Module 26
C:\Windows\system32\dsound.dll
Image Base: 0x6bcf0000  Image Size: 0x00072000
File Size:  453632      File Time:  2009-07-14_091514
Version:
   Company:    Microsoft Corporation
   Product:    Microsoft® Windows® Operating System
   FileDesc:   DirectSound
   FileVer:    6.1.7600.16385
   ProdVer:    6.1.7600.16385

Module 27
C:\Windows\system32\d3d11.dll
Image Base: 0x6bd70000  Image Size: 0x00175000
File Size:  1505280     File Time:  2013-04-26_073034
Version:
   Company:    Microsoft Corporation
   Product:    Microsoft® Windows® Operating System
   FileDesc:   Direct3D 11 Runtime
   FileVer:    6.2.9200.16570
   ProdVer:    6.2.9200.16570

Module 28
C:\Windows\system32\dxgi.dll
Image Base: 0x6d390000  Image Size: 0x0004c000
File Size:  293376      File Time:  2015-04-01_153410
Version:
   Company:    Microsoft Corporation
   Product:    Microsoft® Windows® Operating System
   FileDesc:   DirectX Graphics Infrastructure
   FileVer:    6.2.9200.16492
   ProdVer:    6.2.9200.16492

Module 29
C:\Windows\system32\POWRPROF.dll
Image Base: 0x6d7f0000  Image Size: 0x00025000
File Size:  145408      File Time:  2009-07-14_091614
Version:
   Company:    Microsoft Corporation
   Product:    Microsoft® Windows® Operating System
   FileDesc:   Power Profile Helper DLL
   FileVer:    6.1.7600.16385
   ProdVer:    6.1.7600.16385

Module 30
C:\Windows\System32\wship6.dll
Image Base: 0x6db50000  Image Size: 0x00006000
File Size:  10752       File Time:  2009-07-14_091622
Version:
   Company:    Microsoft Corporation
   Product:    Microsoft® Windows® Operating System
   FileDesc:   Winsock2 Helper DLL (TL/IPv6)
   FileVer:    6.1.7600.16385
   ProdVer:    6.1.7600.16385

Module 31
C:\Windows\system32\rasadhlp.dll
Image Base: 0x6dc30000  Image Size: 0x00006000
File Size:  11776       File Time:  2009-07-14_091614
Version:
   Company:    Microsoft Corporation
   Product:    Microsoft® Windows® Operating System
   FileDesc:   Remote Access AutoDial Helper
   FileVer:    6.1.7600.16385
   ProdVer:    6.1.7600.16385

Module 32
C:\Windows\system32\credssp.dll
Image Base: 0x6eae0000  Image Size: 0x00008000
File Size:  17408       File Time:  2015-03-17_125700
Version:
   Company:    Microsoft Corporation
   Product:    Microsoft® Windows® Operating System
   FileDesc:   Credential Delegation Security Package
   FileVer:    6.1.7601.18798
   ProdVer:    6.1.7601.18798

Module 33
C:\Windows\system32\DNSAPI.dll
Image Base: 0x6eba0000  Image Size: 0x00044000
File Size:  270336      File Time:  2011-03-03_133802
Version:
   Company:    Microsoft Corporation
   Product:    Microsoft® Windows® Operating System
   FileDesc:   DNS Client API DLL
   FileVer:    6.1.7601.17570
   ProdVer:    6.1.7601.17570

Module 34
C:\Windows\SysWOW64\bcryptprimitives.dll
Image Base: 0x6f480000  Image Size: 0x0003d000
File Size:  249680      File Time:  2009-07-14_091756
Version:
   Company:    Microsoft Corporation
   Product:    Microsoft® Windows® Operating System
   FileDesc:   Windows Cryptographic Primitives Library
   FileVer:    6.1.7600.16385
   ProdVer:    6.1.7600.16385

Module 35
C:\Windows\system32\bcrypt.dll
Image Base: 0x6f570000  Image Size: 0x00017000
File Size:  80896       File Time:  2009-07-14_091122
Version:
   Company:    Microsoft Corporation
   Product:    Microsoft® Windows® Operating System
   FileDesc:   Windows Cryptographic Primitives Library (Wow64)
   FileVer:    6.1.7600.16385
   ProdVer:    6.1.7600.16385

Module 36
C:\Windows\system32\rsaenh.dll
Image Base: 0x6f780000  Image Size: 0x0003b000
File Size:  242936      File Time:  2009-07-14_091756
Version:
   Company:    Microsoft Corporation
   Product:    Microsoft® Windows® Operating System
   FileDesc:   Microsoft Enhanced Cryptographic Provider
   FileVer:    6.1.7600.16385
   ProdVer:    6.1.7600.16385

Module 37
C:\Windows\system32\CRYPTSP.dll
Image Base: 0x6f7f0000  Image Size: 0x00017000
File Size:  81408       File Time:  2015-02-03_111216
Version:
   Company:    Microsoft Corporation
   Product:    Microsoft® Windows® Operating System
   FileDesc:   Cryptographic Service Provider API
   FileVer:    6.1.7601.18741
   ProdVer:    6.1.7601.18741

Module 38
C:\Windows\System32\fwpuclnt.dll
Image Base: 0x70780000  Image Size: 0x00038000
File Size:  216576      File Time:  2013-10-12_100126
Version:
   Company:    Microsoft Corporation
   Product:    Microsoft® Windows® Operating System
   FileDesc:   FWP/IPsec User-Mode API
   FileVer:    6.1.7601.18283
   ProdVer:    6.1.7601.18283

Module 39
C:\Windows\system32\webio.dll
Image Base: 0x708c0000  Image Size: 0x0004f000
File Size:  314880      File Time:  2011-11-17_133504
Version:
   Company:    Microsoft Corporation
   Product:    Microsoft® Windows® Operating System
   FileDesc:   Web Transfer Protocols API
   FileVer:    6.1.7601.17725
   ProdVer:    6.1.7601.17725

Module 40
C:\Windows\system32\WINHTTP.dll
Image Base: 0x70910000  Image Size: 0x00058000
File Size:  351232      File Time:  2010-11-21_112410
Version:
   Company:    Microsoft Corporation
   Product:    Microsoft® Windows® Operating System
   FileDesc:   Windows HTTP Services
   FileVer:    6.1.7601.17514
   ProdVer:    6.1.7601.17514

Module 41
C:\Program Files (x86)\NetSupport\NetSupport School\pcihooks.DLL
Image Base: 0x71a00000  Image Size: 0x00027000
File Size:  153416      File Time:  2015-01-26_111018
Version:
   Company:    NetSupport Ltd
   Product:    NetSupport Manager
   FileDesc:   NetSupport pcihooks
   FileVer:    12.1.14.1068
   ProdVer:    12.1.0.0

Module 42
C:\Windows\system32\dwmapi.dll
Image Base: 0x71a30000  Image Size: 0x00013000
File Size:  67072       File Time:  2009-07-14_091514
Version:
   Company:    Microsoft Corporation
   Product:    Microsoft® Windows® Operating System
   FileDesc:   Microsoft Desktop Window Manager API
   FileVer:    6.1.7600.16385
   ProdVer:    6.1.7600.16385

Module 43
C:\Windows\system32\uxtheme.dll
Image Base: 0x71a50000  Image Size: 0x00080000
File Size:  245760      File Time:  2009-07-14_091126
Version:
   Company:    Microsoft Corporation
   Product:    Microsoft® Windows® Operating System
   FileDesc:   Microsoft UxTheme Library
   FileVer:    6.1.7600.16385
   ProdVer:    6.1.7600.16385

Module 44
C:\Windows\system32\AUDIOSES.DLL
Image Base: 0x72210000  Image Size: 0x00036000
File Size:  195584      File Time:  2015-02-03_111214
Version:
   Company:    Microsoft Corporation
   Product:    Microsoft® Windows® Operating System
   FileDesc:   Audio Session
   FileVer:    6.1.7601.18741
   ProdVer:    6.1.7601.18741

Module 45
C:\Windows\system32\MMDevAPI.DLL
Image Base: 0x72250000  Image Size: 0x00039000
File Size:  213504      File Time:  2010-11-21_112352
Version:
   Company:    Microsoft Corporation
   Product:    Microsoft® Windows® Operating System
   FileDesc:   MMDevice API
   FileVer:    6.1.7601.17514
   ProdVer:    6.1.7601.17514

Module 46
C:\Windows\system32\dhcpcsvc6.DLL
Image Base: 0x72290000  Image Size: 0x0000d000
File Size:  44032       File Time:  2012-10-10_014032
Version:
   Company:    Microsoft Corporation
   Product:    Microsoft® Windows® Operating System
   FileDesc:   DHCPv6 Client
   FileVer:    6.1.7601.17970
   ProdVer:    6.1.7601.17970

Module 47
C:\Windows\system32\dbghelp.dll
Image Base: 0x722a0000  Image Size: 0x000eb000
File Size:  854016      File Time:  2010-11-21_112410
Version:
   Company:    Microsoft Corporation
   Product:    Microsoft® Windows® Operating System
   FileDesc:   Windows Image Helper
   FileVer:    6.1.7601.17514
   ProdVer:    6.1.7601.17514

Module 48
C:\Windows\system32\dhcpcsvc.DLL
Image Base: 0x72390000  Image Size: 0x00012000
File Size:  61952       File Time:  2009-07-14_091512
Version:
   Company:    Microsoft Corporation
   Product:    Microsoft® Windows® Operating System
   FileDesc:   DHCP Client Service
   FileVer:    6.1.7600.16385
   ProdVer:    6.1.7600.16385

Module 49
C:\Windows\system32\WINNSI.DLL
Image Base: 0x723b0000  Image Size: 0x00007000
File Size:  16896       File Time:  2009-07-14_091620
Version:
   Company:    Microsoft Corporation
   Product:    Microsoft® Windows® Operating System
   FileDesc:   Network Store Information RPC interface
   FileVer:    6.1.7600.16385
   ProdVer:    6.1.7600.16385

Module 50
C:\Windows\system32\IPHLPAPI.DLL
Image Base: 0x723c0000  Image Size: 0x0001c000
File Size:  103936      File Time:  2010-11-21_112434
Version:
   Company:    Microsoft Corporation
   Product:    Microsoft® Windows® Operating System
   FileDesc:   IP Helper API
   FileVer:    6.1.7601.17514
   ProdVer:    6.1.7601.17514

Module 51
C:\Windows\System32\wshtcpip.dll
Image Base: 0x723e0000  Image Size: 0x00005000
File Size:  9216        File Time:  2009-07-14_091622
Version:
   Company:    Microsoft Corporation
   Product:    Microsoft® Windows® Operating System
   FileDesc:   Winsock2 Helper DLL (TL/IPv4)
   FileVer:    6.1.7600.16385
   ProdVer:    6.1.7600.16385

Module 52
C:\Windows\system32\MSWSOCK.dll
Image Base: 0x723f0000  Image Size: 0x0003c000
File Size:  231424      File Time:  2013-09-08_100400
Version:
   Company:    Microsoft Corporation
   Product:    Microsoft® Windows® Operating System
   FileDesc:   Microsoft Windows Sockets 2.0 Service Provider
   FileVer:    6.1.7601.18254
   ProdVer:    6.1.7601.18254

Module 53
C:\Windows\system32\WINMM.dll
Image Base: 0x72710000  Image Size: 0x00032000
File Size:  194048      File Time:  2010-11-21_112418
Version:
   Company:    Microsoft Corporation
   Product:    Microsoft® Windows® Operating System
   FileDesc:   MCI API DLL
   FileVer:    6.1.7601.17514
   ProdVer:    6.1.7601.17514

Module 54
C:\Windows\system32\MPR.dll
Image Base: 0x72f90000  Image Size: 0x00012000
File Size:  64000       File Time:  2009-07-14_091542
Version:
   Company:    Microsoft Corporation
   Product:    Microsoft® Windows® Operating System
   FileDesc:   Multiple Provider Router DLL
   FileVer:    6.1.7600.16385
   ProdVer:    6.1.7600.16385

Module 55
C:\Windows\system32\PROPSYS.dll
Image Base: 0x74360000  Image Size: 0x000f5000
File Size:  988160      File Time:  2010-11-21_112410
Version:
   Company:    Microsoft Corporation
   Product:    Windows® Search
   FileDesc:   Microsoft Property System
   FileVer:    7.0.7601.17514
   ProdVer:    7.0.7601.17514

Module 56
C:\Windows\system32\VERSION.dll
Image Base: 0x74b40000  Image Size: 0x00009000
File Size:  21504       File Time:  2009-07-14_091618
Version:
   Company:    Microsoft Corporation
   Product:    Microsoft® Windows® Operating System
   FileDesc:   Version Checking and File Installation Libraries
   FileVer:    6.1.7600.16385
   ProdVer:    6.1.7600.16385

Module 57
C:\Windows\SysWOW64\SYSFER.DLL
Image Base: 0x74b50000  Image Size: 0x0006e000
File Size:  363872      File Time:  2015-04-02_152416
Version:
   Company:    Symantec Corporation
   Product:    Symantec CMC Firewall
   FileDesc:   Symantec CMC Firewall sysfer
   FileVer:    12.1.5337.5000
   ProdVer:    12.1.5337.5000

Module 58
C:\Windows\syswow64\CRYPTBASE.dll
Image Base: 0x74d10000  Image Size: 0x0000c000
File Size:  36864       File Time:  2009-07-14_091508
Version:
   Company:    Microsoft Corporation
   Product:    Microsoft® Windows® Operating System
   FileDesc:   Base cryptographic API DLL
   FileVer:    6.1.7600.16385
   ProdVer:    6.1.7600.16385

Module 59
C:\Windows\syswow64\SspiCli.dll
Image Base: 0x74d20000  Image Size: 0x00060000
File Size:  96768       File Time:  2015-03-17_125602
Version:
   Company:    Microsoft Corporation
   Product:    Microsoft® Windows® Operating System
   FileDesc:   Security Support Provider Interface
   FileVer:    6.1.7601.18798
   ProdVer:    6.1.7601.18798

Module 60
C:\Windows\syswow64\NSI.dll
Image Base: 0x74d80000  Image Size: 0x00006000
File Size:  8704        File Time:  2009-07-14_091612
Version:
   Company:    Microsoft Corporation
   Product:    Microsoft® Windows® Operating System
   FileDesc:   NSI User-mode interface DLL
   FileVer:    6.1.7600.16385
   ProdVer:    6.1.7600.16385

Module 61
C:\Windows\syswow64\DEVOBJ.dll
Image Base: 0x74d90000  Image Size: 0x00012000
File Size:  64512       File Time:  2011-05-24_184006
Version:
   Company:    Microsoft Corporation
   Product:    Microsoft® Windows® Operating System
   FileDesc:   Device Information Set DLL
   FileVer:    6.1.7601.17621
   ProdVer:    6.1.7601.17621

Module 62
C:\Windows\syswow64\MSCTF.dll
Image Base: 0x74dc0000  Image Size: 0x000cc000
File Size:  828928      File Time:  2015-01-17_103044
Version:
   Company:    Microsoft Corporation
   Product:    Microsoft® Windows® Operating System
   FileDesc:   MSCTF Server DLL
   FileVer:    6.1.7601.18731
   ProdVer:    6.1.7601.18731

Module 63
C:\Windows\SysWOW64\sechost.dll
Image Base: 0x74e90000  Image Size: 0x00019000
File Size:  92160       File Time:  2009-07-14_091614
Version:
   Company:    Microsoft Corporation
   Product:    Microsoft® Windows® Operating System
   FileDesc:   Host for SCM/SDDL/LSA Lookup APIs
   FileVer:    6.1.7600.16385
   ProdVer:    6.1.7600.16385

Module 64
C:\Windows\syswow64\ADVAPI32.dll
Image Base: 0x74eb0000  Image Size: 0x000a0000
File Size:  640512      File Time:  2013-08-29_094818
Version:
   Company:    Microsoft Corporation
   Product:    Microsoft® Windows® Operating System
   FileDesc:   Advanced Windows 32 Base API
   FileVer:    6.1.7601.18247
   ProdVer:    6.1.7601.18247

Module 65
C:\Windows\syswow64\msvcrt.dll
Image Base: 0x75110000  Image Size: 0x000ac000
File Size:  690688      File Time:  2011-12-16_155300
Version:
   Company:    Microsoft Corporation
   Product:    Microsoft® Windows® Operating System
   FileDesc:   Windows NT CRT DLL
   FileVer:    7.0.7601.17744
   ProdVer:    6.1.8638.17744

Module 66
C:\Windows\syswow64\MSASN1.dll
Image Base: 0x751c0000  Image Size: 0x0000c000
File Size:  34304       File Time:  2010-11-21_112350
Version:
   Company:    Microsoft Corporation
   Product:    Microsoft® Windows® Operating System
   FileDesc:   ASN.1 Runtime APIs
   FileVer:    6.1.7601.17514
   ProdVer:    6.1.7601.17514

Module 67
C:\Windows\syswow64\CLBCatQ.DLL
Image Base: 0x751d0000  Image Size: 0x00083000
File Size:  522240      File Time:  2009-07-14_091504
Version:
   Company:    Microsoft Corporation
   Product:    Microsoft® Windows® Operating System
   FileDesc:   COM+ Configuration Catalog
   FileVer:    2001.12.8530.16385
   ProdVer:    6.1.7600.16385

Module 68
C:\Windows\syswow64\RPCRT4.dll
Image Base: 0x75260000  Image Size: 0x000f0000
File Size:  664064      File Time:  2014-07-14_094100
Version:
   Company:    Microsoft Corporation
   Product:    Microsoft® Windows® Operating System
   FileDesc:   Remote Procedure Call Runtime
   FileVer:    6.1.7601.18532
   ProdVer:    6.1.7601.18532

Module 69
C:\Windows\syswow64\OLEAUT32.dll
Image Base: 0x75350000  Image Size: 0x0008f000
File Size:  571904      File Time:  2014-11-26_113206
Version:
   Company:    Microsoft Corporation
   Product:    
   FileDesc:   
   FileVer:    6.1.7601.18679
   ProdVer:    6.1.7601.18679

Module 70
C:\Windows\syswow64\LPK.dll
Image Base: 0x753e0000  Image Size: 0x0000a000
File Size:  25600       File Time:  2015-02-20_121252
Version:
   Company:    Microsoft Corporation
   Product:    Microsoft® Windows® Operating System
   FileDesc:   Language Pack
   FileVer:    6.1.7601.18768
   ProdVer:    6.1.7601.18768

Module 71
C:\Windows\syswow64\kernel32.dll
Image Base: 0x753f0000  Image Size: 0x00110000
File Size:  1114112     File Time:  2015-03-17_125602
Version:
   Company:    Microsoft Corporation
   Product:    Microsoft® Windows® Operating System
   FileDesc:   Windows NT BASE API Client DLL
   FileVer:    6.1.7601.18798
   ProdVer:    6.1.7601.18798

Module 72
C:\Windows\syswow64\WS2_32.dll
Image Base: 0x75500000  Image Size: 0x00035000
File Size:  206848      File Time:  2010-11-21_112356
Version:
   Company:    Microsoft Corporation
   Product:    Microsoft® Windows® Operating System
   FileDesc:   Windows Socket 2.0 32-Bit DLL
   FileVer:    6.1.7601.17514
   ProdVer:    6.1.7601.17514

Module 73
C:\Windows\syswow64\GDI32.dll
Image Base: 0x75540000  Image Size: 0x00090000
File Size:  311808      File Time:  2015-03-05_120508
Version:
   Company:    Microsoft Corporation
   Product:    Microsoft® Windows® Operating System
   FileDesc:   GDI Client DLL
   FileVer:    6.1.7601.18778
   ProdVer:    6.1.7601.18778

Module 74
C:\Windows\syswow64\IMM32.dll
Image Base: 0x75660000  Image Size: 0x00060000
File Size:  119808      File Time:  2010-11-21_112426
Version:
   Company:    Microsoft Corporation
   Product:    Microsoft® Windows® Operating System
   FileDesc:   Multi-User Windows IMM32 API Client DLL
   FileVer:    6.1.7601.17514
   ProdVer:    6.1.7601.17514

Module 75
C:\Windows\syswow64\CFGMGR32.dll
Image Base: 0x758b0000  Image Size: 0x00027000
File Size:  145920      File Time:  2011-05-24_183940
Version:
   Company:    Microsoft Corporation
   Product:    Microsoft® Windows® Operating System
   FileDesc:   Configuration Manager DLL
   FileVer:    6.1.7601.17621
   ProdVer:    6.1.7601.17621

Module 76
C:\Windows\syswow64\SHELL32.dll
Image Base: 0x75920000  Image Size: 0x00c4b000
File Size:  12875264    File Time:  2015-02-13_132620
Version:
   Company:    Microsoft Corporation
   Product:    Microsoft® Windows® Operating System
   FileDesc:   Windows Shell Common Dll
   FileVer:    6.1.7601.18762
   ProdVer:    6.1.7601.18762

Module 77
C:\Windows\syswow64\SHLWAPI.dll
Image Base: 0x767b0000  Image Size: 0x00057000
File Size:  350208      File Time:  2010-11-21_112350
Version:
   Company:    Microsoft Corporation
   Product:    Microsoft® Windows® Operating System
   FileDesc:   Shell Light-weight Utility Library
   FileVer:    6.1.7601.17514
   ProdVer:    6.1.7601.17514

Module 78
C:\Windows\syswow64\SETUPAPI.dll
Image Base: 0x76810000  Image Size: 0x0019d000
File Size:  1667584     File Time:  2010-11-21_112352
Version:
   Company:    Microsoft Corporation
   Product:    Microsoft® Windows® Operating System
   FileDesc:   Windows Setup API
   FileVer:    6.1.7601.17514
   ProdVer:    6.1.7601.17514

Module 79
C:\Windows\syswow64\USER32.dll
Image Base: 0x769b0000  Image Size: 0x00100000
File Size:  833024      File Time:  2010-11-21_112422
Version:
   Company:    Microsoft Corporation
   Product:    Microsoft® Windows® Operating System
   FileDesc:   Multi-User Windows USER API Client DLL
   FileVer:    6.1.7601.17514
   ProdVer:    6.1.7601.17514

Module 80
C:\Windows\syswow64\USP10.dll
Image Base: 0x76ab0000  Image Size: 0x0009d000
File Size:  626688      File Time:  2014-04-25_100618
Version:
   Company:    Microsoft Corporation
   Product:    Microsoft(R) Uniscribe Unicode script processor
   FileDesc:   Uniscribe Unicode script processor
   FileVer:    1.626.7601.18454
   ProdVer:    1.626.7601.18454

Module 81
C:\Windows\syswow64\PSAPI.DLL
Image Base: 0x76b50000  Image Size: 0x00005000
File Size:  6144        File Time:  2009-07-14_091614
Version:
   Company:    Microsoft Corporation
   Product:    Microsoft® Windows® Operating System
   FileDesc:   Process Status Helper
   FileVer:    6.1.7600.16385
   ProdVer:    6.1.7600.16385

Module 82
C:\Windows\syswow64\ole32.dll
Image Base: 0x76b60000  Image Size: 0x0015c000
File Size:  1414144     File Time:  2010-11-21_112402
Version:
   Company:    Microsoft Corporation
   Product:    Microsoft® Windows® Operating System
   FileDesc:   Microsoft OLE for Windows
   FileVer:    6.1.7601.17514
   ProdVer:    6.1.7601.17514

Module 83
C:\Windows\syswow64\CRYPT32.dll
Image Base: 0x76d60000  Image Size: 0x00121000
File Size:  1174528     File Time:  2015-02-03_111216
Version:
   Company:    Microsoft Corporation
   Product:    Microsoft® Windows® Operating System
   FileDesc:   Crypto API32
   FileVer:    6.1.7601.18741
   ProdVer:    6.1.7601.18741

Module 84
C:\Windows\syswow64\WINTRUST.dll
Image Base: 0x76e90000  Image Size: 0x0002f000
File Size:  179200      File Time:  2015-02-03_111250
Version:
   Company:    Microsoft Corporation
   Product:    Microsoft® Windows® Operating System
   FileDesc:   Microsoft Trust Verification APIs
   FileVer:    6.1.7601.18741
   ProdVer:    6.1.7601.18741

Module 85
C:\Windows\syswow64\KERNELBASE.dll
Image Base: 0x76ec0000  Image Size: 0x00047000
File Size:  274944      File Time:  2015-03-17_125602
Version:
   Company:    Microsoft Corporation
   Product:    Microsoft® Windows® Operating System
   FileDesc:   Windows NT BASE API Client DLL
   FileVer:    6.1.7601.18798
   ProdVer:    6.1.7601.18798

Module 86
C:\Windows\SysWOW64\ntdll.dll
Image Base: 0x77390000  Image Size: 0x00180000
File Size:  1309696     File Time:  2015-03-17_125928
Version:
   Company:    Microsoft Corporation
   Product:    Microsoft® Windows® Operating System
   FileDesc:   NT Layer DLL
   FileVer:    6.1.7601.18798
   ProdVer:    6.1.7601.18798


== [end of error.log] ==
